
>>>>>>>>>>>>>>>>>>>>>>>>>>>>>>>>>>>>>>>>>>>>>>>>>>>>>>>>>>>>>>>>>>>>>>

      ANSWER KEY 

ID:             TST1-MUC3-0002
INCIDENT:       ATTACK
WEAPON:         -
PERP_INDIV:     MEMBERS OF THE FARABUNDO MARTI NATIONAL LIBERATION FRONT [FMLN] / MEMBERS OF THE FARABUNDO MARTI NATIONAL LIBERATION FRONT
PERP_ORG:       FARABUNDO MARTI NATIONAL LIBERATION FRONT / FMLN
TARGET:         ELECTRIC POWER SUBSTATION
VICTIM:         SOLDIER

      SYSTEM OUTPUT 

ID:             TST1-MUC3-0002
INCIDENT:       BOMBING
WEAPON:         HELICOPTER GUNSHIP
                ARTILLERY
PERP_INDIV:     -
PERP_ORG:       FMLN
                FARABUNDO MARTI NATIONAL LIBERATION FRONT
TARGET:         ELECTRIC POWER SUBSTATION
                SUBSTATION
VICTIM:         ELECTRIC POWER SUBSTATION
                SOLDIER

     SCORES for TST1-MUC3-0002

                RECALL             PRECISION          F-MEASURE
Incident        0.00 (0/1)	   0.00 (0/1)         0.00
Weapons         0.00 (0/0)	   0.00 (0/2)         0.00
Perp_Ind        0.00 (0/1)	   0.00 (0/0)         0.00
Perp_Org        1.00 (1/1)	   0.50 (1/2)         0.67
Targets         1.00 (1/1)	   0.50 (1/2)         0.67
Victims         1.00 (1/1)	   0.50 (1/2)         0.67
--------        --------------     --------------     ----
TOTAL           0.60 (3/5)	   0.33 (3/9)         0.43

>>>>>>>>>>>>>>>>>>>>>>>>>>>>>>>>>>>>>>>>>>>>>>>>>>>>>>>>>>>>>>>>>>>>>>

      ANSWER KEY 

ID:             TST1-MUC3-0004
INCIDENT:       BOMBING
WEAPON:         FOUR POWERFUL ROCKETS / POWERFUL ROCKETS / ROCKETS
                DYNAMITE / DYNAMITE AND GRENADE ROCKET LAUNCHERS / DYNAMITE AND GRENADE ROCKET / DYNAMITE AND GRENADE
                GRENADE ROCKET LAUNCHERS / GRENADE ROCKET / GRENADE / DYNAMITE AND GRENADE ROCKET LAUNCHERS / DYNAMITE AND GRENADE ROCKET / DYNAMITE AND GRENADE
PERP_INDIV:     MAN
                WOMAN
PERP_ORG:       -
TARGET:         ANTIOQUIA LIQUEUR PLANT / LIQUEUR PLANT
VICTIM:         PEOPLE

      SYSTEM OUTPUT 

ID:             TST1-MUC3-0004
INCIDENT:       BOMBING
WEAPON:         DYNAMITE
                GRENADE
PERP_INDIV:     -
PERP_ORG:       -
TARGET:         -
VICTIM:         -

     SCORES for TST1-MUC3-0004

                RECALL             PRECISION          F-MEASURE
Incident        1.00 (1/1)	   1.00 (1/1)         1.00
Weapons         0.67 (2/3)	   1.00 (2/2)         0.80
Perp_Ind        0.00 (0/2)	   0.00 (0/0)         0.00
Perp_Org        0.00 (0/0)	   0.00 (0/0)         0.00
Targets         0.00 (0/1)	   0.00 (0/0)         0.00
Victims         0.00 (0/1)	   0.00 (0/0)         0.00
--------        --------------     --------------     ----
TOTAL           0.38 (3/8)	   1.00 (3/3)         0.55

>>>>>>>>>>>>>>>>>>>>>>>>>>>>>>>>>>>>>>>>>>>>>>>>>>>>>>>>>>>>>>>>>>>>>>

      ANSWER KEY 

ID:             TST1-MUC3-0035
INCIDENT:       ATTACK
WEAPON:         -
PERP_INDIV:     URBAN COMMANDO UNITS / UNITS
PERP_ORG:       FARABUNDO MARTI NATIONAL LIBERATION FRONT / FMLN
TARGET:         ELECTRICAL SYSTEM
VICTIM:         -

      SYSTEM OUTPUT 

ID:             TST1-MUC3-0035
INCIDENT:       ATTACK
WEAPON:         BULLET
PERP_INDIV:     SIMULTANEOUS ATTACKS
PERP_ORG:       FMLN
                ARMED FORCES
TARGET:         1ST INFANTRY BRIGADE HEADQUARTERS
                ZACAMIL NEIGHBORHOOD
                ELECTRICAL SYSTEM
VICTIM:         -

     SCORES for TST1-MUC3-0035

                RECALL             PRECISION          F-MEASURE
Incident        1.00 (1/1)	   1.00 (1/1)         1.00
Weapons         0.00 (0/0)	   0.00 (0/1)         0.00
Perp_Ind        0.00 (0/1)	   0.00 (0/1)         0.00
Perp_Org        1.00 (1/1)	   0.50 (1/2)         0.67
Targets         1.00 (1/1)	   0.33 (1/3)         0.50
Victims         0.00 (0/0)	   0.00 (0/0)         0.00
--------        --------------     --------------     ----
TOTAL           0.75 (3/4)	   0.38 (3/8)         0.50

>>>>>>>>>>>>>>>>>>>>>>>>>>>>>>>>>>>>>>>>>>>>>>>>>>>>>>>>>>>>>>>>>>>>>>

      ANSWER KEY 

ID:             TST1-MUC3-0036
INCIDENT:       BOMBING
WEAPON:         HOMEMADE BOMB / BOMB
PERP_INDIV:     SUSPECTS
PERP_ORG:       -
TARGET:         -
VICTIM:         SOLDIERS / GROUP OF NINE U.S. SOLDIERS / GROUP OF NINE U.S. SOLDIERS STATIONED AT THE PALMEROLA BASE WHO WERE VISITING THE CITY OF LA CEIBA / SOLDIERS FROM PALMEROLA BASE

      SYSTEM OUTPUT 

ID:             TST1-MUC3-0036
INCIDENT:       BOMBING
WEAPON:         BOMB
PERP_INDIV:     U.S.
PERP_ORG:       -
TARGET:         -
VICTIM:         -

     SCORES for TST1-MUC3-0036

                RECALL             PRECISION          F-MEASURE
Incident        1.00 (1/1)	   1.00 (1/1)         1.00
Weapons         1.00 (1/1)	   1.00 (1/1)         1.00
Perp_Ind        0.00 (0/1)	   0.00 (0/1)         0.00
Perp_Org        0.00 (0/0)	   0.00 (0/0)         0.00
Targets         0.00 (0/0)	   0.00 (0/0)         0.00
Victims         0.00 (0/1)	   0.00 (0/0)         0.00
--------        --------------     --------------     ----
TOTAL           0.50 (2/4)	   0.67 (2/3)         0.57

>>>>>>>>>>>>>>>>>>>>>>>>>>>>>>>>>>>>>>>>>>>>>>>>>>>>>>>>>>>>>>>>>>>>>>

      ANSWER KEY 

ID:             TST1-MUC3-0045
INCIDENT:       ATTACK
WEAPON:         -
PERP_INDIV:     TROOPS FROM THAT SECURITY CORPS / GROUP OF ARMED INDIVIDUALS WEARING MILITARY UNIFORMS / ARMED INDIVIDUALS / ARMED INDIVIDUALS WEARING MILITARY UNIFORMS
                CERTAIN OFFICERS OF THE ARMED FORCES
                COLONEL HECTOR HERIBERTO HERNANDEZ / COLONEL HECTOR HERIBERTO HERNANDEZ, CHIEF OF THE TREASURY POLICE
                CAPTAIN ALONSO CHAVEZ GARCIA
PERP_ORG:       ARMED FORCES / TREASURY POLICE
TARGET:         -
VICTIM:         JESUITS
                PERSONS

      SYSTEM OUTPUT 

ID:             TST1-MUC3-0045
INCIDENT:       ATTACK
WEAPON:         -
PERP_INDIV:     JESUITS
                ARMED INDIVIDUALS
                WITNESSES
                CRIME
PERP_ORG:       ARMED FORCES
                MILITARY
TARGET:         -
VICTIM:         JESUITS

     SCORES for TST1-MUC3-0045

                RECALL             PRECISION          F-MEASURE
Incident        1.00 (1/1)	   1.00 (1/1)         1.00
Weapons         0.00 (0/0)	   0.00 (0/0)         0.00
Perp_Ind        0.25 (1/4)	   0.25 (1/4)         0.25
Perp_Org        1.00 (1/1)	   0.50 (1/2)         0.67
Targets         0.00 (0/0)	   0.00 (0/0)         0.00
Victims         0.50 (1/2)	   1.00 (1/1)         0.67
--------        --------------     --------------     ----
TOTAL           0.50 (4/8)	   0.50 (4/8)         0.50

>>>>>>>>>>>>>>>>>>>>>>>>>>>>>>>>>>>>>>>>>>>>>>>>>>>>>>>>>>>>>>>>>>>>>>

      ANSWER KEY 

ID:             TST1-MUC3-0050
INCIDENT:       ATTACK
WEAPON:         -
PERP_INDIV:     MEN WEARING MILITARY UNIFORMS / MEN
PERP_ORG:       -
TARGET:         -
VICTIM:         IGNACIO ELLACURIA
                JESUITS
                PRIESTS
                WOMEN

      SYSTEM OUTPUT 

ID:             TST1-MUC3-0050
INCIDENT:       ATTACK
WEAPON:         -
PERP_INDIV:     ACTION
                PRIESTS
PERP_ORG:       ARMY
                MILITARY
TARGET:         -
VICTIM:         JESUITS
                EL SALVADOR
                PRIESTS

     SCORES for TST1-MUC3-0050

                RECALL             PRECISION          F-MEASURE
Incident        1.00 (1/1)	   1.00 (1/1)         1.00
Weapons         0.00 (0/0)	   0.00 (0/0)         0.00
Perp_Ind        0.00 (0/1)	   0.00 (0/2)         0.00
Perp_Org        0.00 (0/0)	   0.00 (0/2)         0.00
Targets         0.00 (0/0)	   0.00 (0/0)         0.00
Victims         0.50 (2/4)	   0.67 (2/3)         0.57
--------        --------------     --------------     ----
TOTAL           0.50 (3/6)	   0.38 (3/8)         0.43

>>>>>>>>>>>>>>>>>>>>>>>>>>>>>>>>>>>>>>>>>>>>>>>>>>>>>>>>>>>>>>>>>>>>>>

      ANSWER KEY 

ID:             TST1-MUC3-0072
INCIDENT:       ATTACK
WEAPON:         -
PERP_INDIV:     TERRORIST
PERP_ORG:       -
TARGET:         MAIN POWERLINE / POWERLINE
VICTIM:         -

      SYSTEM OUTPUT 

ID:             TST1-MUC3-0072
INCIDENT:       ATTACK
WEAPON:         -
PERP_INDIV:     -
PERP_ORG:       -
TARGET:         -
VICTIM:         -

     SCORES for TST1-MUC3-0072

                RECALL             PRECISION          F-MEASURE
Incident        1.00 (1/1)	   1.00 (1/1)         1.00
Weapons         0.00 (0/0)	   0.00 (0/0)         0.00
Perp_Ind        0.00 (0/1)	   0.00 (0/0)         0.00
Perp_Org        0.00 (0/0)	   0.00 (0/0)         0.00
Targets         0.00 (0/1)	   0.00 (0/0)         0.00
Victims         0.00 (0/0)	   0.00 (0/0)         0.00
--------        --------------     --------------     ----
TOTAL           0.33 (1/3)	   1.00 (1/1)         0.50

>>>>>>>>>>>>>>>>>>>>>>>>>>>>>>>>>>>>>>>>>>>>>>>>>>>>>>>>>>>>>>>>>>>>>>

      ANSWER KEY 

ID:             TST1-MUC3-0080
INCIDENT:       KIDNAPPING
WEAPON:         -
PERP_INDIV:     THREE HEAVILY ARMED MEN
PERP_ORG:       THE EXTRADITABLES / EXTRADITABLES
TARGET:         -
VICTIM:         FEDERICO ESTRADA VELEZ

      SYSTEM OUTPUT 

ID:             TST1-MUC3-0080
INCIDENT:       KIDNAPPING
WEAPON:         -
PERP_INDIV:     -
PERP_ORG:       EXTRADITABLES
                XTRADITABLES
TARGET:         -
VICTIM:         -

     SCORES for TST1-MUC3-0080

                RECALL             PRECISION          F-MEASURE
Incident        1.00 (1/1)	   1.00 (1/1)         1.00
Weapons         0.00 (0/0)	   0.00 (0/0)         0.00
Perp_Ind        0.00 (0/1)	   0.00 (0/0)         0.00
Perp_Org        1.00 (1/1)	   0.50 (1/2)         0.67
Targets         0.00 (0/0)	   0.00 (0/0)         0.00
Victims         0.00 (0/1)	   0.00 (0/0)         0.00
--------        --------------     --------------     ----
TOTAL           0.50 (2/4)	   0.67 (2/3)         0.57

>>>>>>>>>>>>>>>>>>>>>>>>>>>>>>>>>>>>>>>>>>>>>>>>>>>>>>>>>>>>>>>>>>>>>>

      ANSWER KEY 

ID:             TST1-MUC3-0092
INCIDENT:       ATTACK
WEAPON:         -
PERP_INDIV:     URBAN GUERRILLAS
PERP_ORG:       FMLN
TARGET:         PYLONS
                TRANSFORMERS
VICTIM:         -

      SYSTEM OUTPUT 

ID:             TST1-MUC3-0092
INCIDENT:       ATTACK
WEAPON:         GRENADE
                ROCKET
PERP_INDIV:     -
PERP_ORG:       FMLN
                MILITARY
TARGET:         INFANTRY COMPANY
                HELICOPTER
VICTIM:         CONCHAGUA BATTALION
                ROAD
                ANAMOROS
                LISLIQUE
                PRISONERS

     SCORES for TST1-MUC3-0092

                RECALL             PRECISION          F-MEASURE
Incident        1.00 (1/1)	   1.00 (1/1)         1.00
Weapons         0.00 (0/0)	   0.00 (0/2)         0.00
Perp_Ind        0.00 (0/1)	   0.00 (0/0)         0.00
Perp_Org        1.00 (1/1)	   0.50 (1/2)         0.67
Targets         0.00 (0/2)	   0.00 (0/2)         0.00
Victims         0.00 (0/0)	   0.00 (0/5)         0.00
--------        --------------     --------------     ----
TOTAL           0.40 (2/5)	   0.17 (2/12)        0.24

>>>>>>>>>>>>>>>>>>>>>>>>>>>>>>>>>>>>>>>>>>>>>>>>>>>>>>>>>>>>>>>>>>>>>>


     SCORES for ALL Templates

                RECALL             PRECISION          F-MEASURE
Incident        0.89 (8/9)	   0.89 (8/9)         0.89
Weapons         0.75 (3/4)	   0.38 (3/8)         0.50
Perp_Ind        0.08 (1/13)	   0.12 (1/8)         0.10
Perp_Org        1.00 (5/5)	   0.42 (5/12)        0.59
Targets         0.33 (2/6)	   0.29 (2/7)         0.31
Victims         0.40 (4/10)	   0.36 (4/11)        0.38
--------        --------------     --------------     ----
TOTAL           0.49 (23/47)	   0.42 (23/55)       0.45
